Thu May 12 19:28:27 2022: build-wrapper, version 6.33 (win-x86-64)
Thu May 12 19:28:27 2022: isWow64: 0
Thu May 12 19:28:27 2022: windows version: 6.2, service pack: 0.0, build number: 9200, product type: 1
Thu May 12 19:28:27 2022: current directory: C:\Users\mauri\source\repos\Software\design---observer-maidenlessn-t
Thu May 12 19:28:27 2022: cwd: <C:\Users\mauri\source\repos\Software\design---observer-maidenlessn-t>
Thu May 12 19:28:27 2022: out-dir absolute path: <C:\Users\mauri\source\repos\Software\design---observer-maidenlessn-t\bw-output>
Thu May 12 19:28:27 2022: command line received: <g++ src/main.cpp>
Thu May 12 19:28:27 2022: initializing json file
Thu May 12 19:28:27 2022: starting debug cycle
Thu May 12 19:28:27 2022: process created with pid: 17724
Thu May 12 19:28:27 2022: image path name: <C:\msys64\mingw64\bin\g++.exe>
Thu May 12 19:28:27 2022: command line: <g++ src/main.cpp>
Thu May 12 19:28:27 2022: working directory: <C:\Users\mauri\source\repos\Software\design---observer-maidenlessn-t\>
Thu May 12 19:28:27 2022: isWow64: 0
Thu May 12 19:28:27 2022: env0: <=C:=C:\Users\mauri\source\repos\Software\design---observer-maidenlessn-t>
Thu May 12 19:28:27 2022: env1: <=ExitCode=00000001>
Thu May 12 19:28:27 2022: env2: <ALLUSERSPROFILE=C:\ProgramData>
Thu May 12 19:28:27 2022: env3: <AMDPROFILERPATH=C:\Program Files\AMD\AMDuProf\bin>
Thu May 12 19:28:27 2022: env4: <AMDRMPATH=C:\Program Files\AMD\RyzenMaster\>
Thu May 12 19:28:27 2022: env5: <APPDATA=C:\Users\mauri\AppData\Roaming>
Thu May 12 19:28:27 2022: env6: <CAMLIBS=C:\Program Files\darktable\lib\libgphoto2\2.5.26>
Thu May 12 19:28:27 2022: env7: <ChocolateyInstall=C:\ProgramData\chocolatey>
Thu May 12 19:28:27 2022: env8: <ChocolateyLastPathUpdate=132595683915479418>
Thu May 12 19:28:27 2022: env9: <CommonProgramFiles=C:\Program Files\Common Files>
Thu May 12 19:28:27 2022: env10: <CommonProgramFiles(x86)=C:\Program Files (x86)\Common Files>
Thu May 12 19:28:27 2022: env11: <CommonProgramW6432=C:\Program Files\Common Files>
Thu May 12 19:28:27 2022: env12: <COMPUTERNAME=DESKTOP-S5GT6SH>
Thu May 12 19:28:27 2022: env13: <ComSpec=C:\WINDOWS\system32\cmd.exe>
Thu May 12 19:28:27 2022: env14: <CYGWIN=wincmdln>
Thu May 12 19:28:27 2022: env15: <DriverData=C:\Windows\System32\Drivers\DriverData>
Thu May 12 19:28:27 2022: env16: <ERROR_CODE=1>
Thu May 12 19:28:27 2022: env17: <HOMEDRIVE=C:>
Thu May 12 19:28:27 2022: env18: <HOMEPATH=\Users\mauri>
Thu May 12 19:28:27 2022: env19: <INTEL_DEV_REDIST=C:\Program Files (x86)\Common Files\Intel\Shared Libraries\>
Thu May 12 19:28:27 2022: env20: <IOLIBS=C:\Program Files\darktable\lib\libgphoto2_port\0.12.0>
Thu May 12 19:28:27 2022: env21: <JAVA_HOME=C:\Users\mauri\.jdks\openjdk-18>
Thu May 12 19:28:27 2022: env22: <LOCALAPPDATA=C:\Users\mauri\AppData\Local>
Thu May 12 19:28:27 2022: env23: <LOGONSERVER=\\DESKTOP-S5GT6SH>
Thu May 12 19:28:27 2022: env24: <MAGICK_HOME=C:\Program Files\darktable\lib\GraphicsMagick-1.3.36\modules-Q8\coders>
Thu May 12 19:28:27 2022: env25: <MIC_LD_LIBRARY_PATH=C:\Program Files (x86)\Common Files\Intel\Shared Libraries\compiler\lib\mic>
Thu May 12 19:28:27 2022: env26: <NUMBER_OF_PROCESSORS=8>
Thu May 12 19:28:27 2022: env27: <OneDrive=C:\Users\mauri\OneDrive>
Thu May 12 19:28:27 2022: env28: <OneDriveConsumer=C:\Users\mauri\OneDrive>
Thu May 12 19:28:27 2022: env29: <OnlineServices=Online Services>
Thu May 12 19:28:27 2022: env30: <OS=Windows_NT>
Thu May 12 19:28:27 2022: env31: <Path=C:\Users\mauri\AppData\Local\Programs\Python\Python39\Scripts\;C:\Users\mauri\AppData\Local\Programs\Python\Python39\;C:\Program Files (x86)\Common Files\Oracle\Java\javapath;C:\Program Files (x86)\Common Files\Intel\Shared Libraries\redist\intel64\compiler;C:\WINDOWS\system32;C:\WINDOWS;C:\WINDOWS\System32\Wbem;C:\WINDOWS\System32\WindowsPowerShell\v1.0\;C:\WINDOWS\System32\OpenSSH\;C:\Program Files\Git\cmd;C:\Program Files\AMD\AMDuProf\bin;C:\Program Files (x86)\NoteBook FanControl\;C:\Program Files\nodejs\;C:\ProgramData\chocolatey\bin;C:\Program Files\Docker\Docker\resources\bin;C:\ProgramData\DockerDesktop\version-bin;C:\Program Files\CMake\bin;C:\Program Files (x86)\ADB and Fastboot++;C:\Program Files\dotnet\;C:\Users\mauri\Documents\Sonar\build-wrapper-win-x86\;C:\Users\mauri\Documents\Sonar\sonar-scanner-4.7.0.2747-windows\bin;C:\Users\mauri\AppData\Local\Microsoft\WindowsApps;C:\Users\mauri\AppData\Local\Programs\Microsoft VS Code\bin;C:\Users\mauri\AppData\Local\GitHubDesktop\bin;C:\Users\mauri\AppData\Local\Microsoft\WindowsApps;C:\Modeltech_pe_edu_10.4a\win32pe_edu;C:\Program Files\PostgreSQL\12\bin;C:\Program Files\gnuplot\bin;C:\msys64\mingw64\bin;C:\Users\mauri\AppData\Roaming\npm;C:\Users\mauri\.local\bin;C:\ffmpeg\bin;C:\Program Files\boost\boost_1_77_0;C:\Program Files\JetBrains\IntelliJ IDEA Community Edition 2021.3.3\plugins\maven\lib\maven3\bin>
Thu May 12 19:28:27 2022: env32: <PATHEXT=.COM;.EXE;.BAT;.CMD;.VBS;.VBE;.JS;.JSE;.WSF;.WSH;.MSC;.PY;.PYW>
Thu May 12 19:28:27 2022: env33: <platformcode=KV>
Thu May 12 19:28:27 2022: env34: <PROCESSOR_ARCHITECTURE=AMD64>
Thu May 12 19:28:27 2022: env35: <PROCESSOR_IDENTIFIER=AMD64 Family 23 Model 17 Stepping 0, AuthenticAMD>
Thu May 12 19:28:27 2022: env36: <PROCESSOR_LEVEL=23>
Thu May 12 19:28:27 2022: env37: <PROCESSOR_REVISION=1100>
Thu May 12 19:28:27 2022: env38: <ProgramData=C:\ProgramData>
Thu May 12 19:28:27 2022: env39: <ProgramFiles=C:\Program Files>
Thu May 12 19:28:27 2022: env40: <ProgramFiles(x86)=C:\Program Files (x86)>
Thu May 12 19:28:27 2022: env41: <ProgramW6432=C:\Program Files>
Thu May 12 19:28:27 2022: env42: <PROMPT=$P$G>
Thu May 12 19:28:27 2022: env43: <PSModulePath=%ProgramFiles%\WindowsPowerShell\Modules;C:\WINDOWS\system32\WindowsPowerShell\v1.0\Modules>
Thu May 12 19:28:27 2022: env44: <PUBLIC=C:\Users\Public>
Thu May 12 19:28:27 2022: env45: <RegionCode=NA>
Thu May 12 19:28:27 2022: env46: <SONAR_TOKEN=6856cad930f54c8be46d5461b0d9671dbfff3bcf>
Thu May 12 19:28:27 2022: env47: <SystemDrive=C:>
Thu May 12 19:28:27 2022: env48: <SystemRoot=C:\WINDOWS>
Thu May 12 19:28:27 2022: env49: <TEMP=C:\Users\mauri\AppData\Local\Temp>
Thu May 12 19:28:27 2022: env50: <TMP=C:\Users\mauri\AppData\Local\Temp>
Thu May 12 19:28:27 2022: env51: <USERDOMAIN=DESKTOP-S5GT6SH>
Thu May 12 19:28:27 2022: env52: <USERDOMAIN_ROAMINGPROFILE=DESKTOP-S5GT6SH>
Thu May 12 19:28:27 2022: env53: <USERNAME=mauri>
Thu May 12 19:28:27 2022: env54: <USERPROFILE=C:\Users\mauri>
Thu May 12 19:28:27 2022: env55: <VBOX_MSI_INSTALL_PATH=C:\Program Files\Oracle\VirtualBox\>
Thu May 12 19:28:27 2022: env56: <windir=C:\WINDOWS>
Thu May 12 19:28:27 2022: env57: <WSLENV=WT_SESSION::WT_PROFILE_ID>
Thu May 12 19:28:27 2022: env58: <WT_PROFILE_ID={0caa0dad-35be-5f56-a8ff-afceeeaa6101}>
Thu May 12 19:28:27 2022: env59: <WT_SESSION=1ddd57f6-bdb0-4271-b15b-e688fb7870ca>
Thu May 12 19:28:27 2022: env60: <_NO_DEBUG_HEAP=1>
Thu May 12 19:28:27 2022: process created with pid: 5044
Thu May 12 19:28:27 2022: image path name: <C:\msys64\mingw64\bin\..\lib\gcc\x86_64-w64-mingw32\10.1.0\cc1plus.exe>
Thu May 12 19:28:27 2022: command line: <C:/msys64/mingw64/bin/../lib/gcc/x86_64-w64-mingw32/10.1.0/cc1plus.exe -quiet -iprefix C:/msys64/mingw64/bin/../lib/gcc/x86_64-w64-mingw32/10.1.0/ -D_REENTRANT src/main.cpp -quiet -dumpbase main.cpp -mtune=generic -march=x86-64 -auxbase main -o C:\Users\mauri\AppData\Local\Temp\ccZe3I8L.s>
Thu May 12 19:28:27 2022: working directory: <C:\Users\mauri\source\repos\Software\design---observer-maidenlessn-t\>
Thu May 12 19:28:27 2022: isWow64: 0
Thu May 12 19:28:27 2022: skipping process C:\msys64\mingw64\bin\..\lib\gcc\x86_64-w64-mingw32\10.1.0\cc1plus.exe with pid: 5044
Thu May 12 19:28:28 2022: process with pid 5044 exit with code: 0 (0x0)
Thu May 12 19:28:28 2022: process created with pid: 22544
Thu May 12 19:28:28 2022: image path name: <C:\msys64\mingw64\bin\..\lib\gcc\x86_64-w64-mingw32\10.1.0\..\..\..\..\x86_64-w64-mingw32\bin\as.exe>
Thu May 12 19:28:28 2022: command line: <C:/msys64/mingw64/bin/../lib/gcc/x86_64-w64-mingw32/10.1.0/../../../../x86_64-w64-mingw32/bin/as.exe -o C:\Users\mauri\AppData\Local\Temp\ccXd7c0V.o C:\Users\mauri\AppData\Local\Temp\ccZe3I8L.s>
Thu May 12 19:28:28 2022: working directory: <C:\Users\mauri\source\repos\Software\design---observer-maidenlessn-t\>
Thu May 12 19:28:28 2022: isWow64: 0
Thu May 12 19:28:28 2022: skipping process C:\msys64\mingw64\bin\..\lib\gcc\x86_64-w64-mingw32\10.1.0\..\..\..\..\x86_64-w64-mingw32\bin\as.exe with pid: 22544
Thu May 12 19:28:28 2022: process with pid 22544 exit with code: 0 (0x0)
Thu May 12 19:28:28 2022: process created with pid: 16776
Thu May 12 19:28:28 2022: image path name: <C:\msys64\mingw64\bin\..\lib\gcc\x86_64-w64-mingw32\10.1.0\collect2.exe>
Thu May 12 19:28:28 2022: command line: <C:/msys64/mingw64/bin/../lib/gcc/x86_64-w64-mingw32/10.1.0/collect2.exe -plugin C:/msys64/mingw64/bin/../lib/gcc/x86_64-w64-mingw32/10.1.0/liblto_plugin-0.dll -plugin-opt=C:/msys64/mingw64/bin/../lib/gcc/x86_64-w64-mingw32/10.1.0/lto-wrapper.exe -plugin-opt=-fresolution=C:\Users\mauri\AppData\Local\Temp\ccx217rc.res -plugin-opt=-pass-through=-lmingw32 -plugin-opt=-pass-through=-lgcc_s -plugin-opt=-pass-through=-lgcc -plugin-opt=-pass-through=-lmoldname -plugin-opt=-pass-through=-lmingwex -plugin-opt=-pass-through=-lmsvcrt -plugin-opt=-pass-through=-lpthread -plugin-opt=-pass-through=-ladvapi32 -plugin-opt=-pass-through=-lshell32 -plugin-opt=-pass-through=-luser32 -plugin-opt=-pass-through=-lkernel32 -plugin-opt=-pass-through=-lmingw32 -plugin-opt=-pass-through=-lgcc_s -plugin-opt=-pass-through=-lgcc -plugin-opt=-pass-through=-lmoldname -plugin-opt=-pass-through=-lmingwex -plugin-opt=-pass-through=-lmsvcrt -m i386pep -Bdynamic C:/msys64/mingw64/bin/../lib/gcc/x86_64-w64-mingw32/10.1.0/../../../../x86_64-w64-mingw32/lib/../lib/crt2.o C:/msys64/mingw64/bin/../lib/gcc/x86_64-w64-mingw32/10.1.0/crtbegin.o -LC:/msys64/mingw64/bin/../lib/gcc/x86_64-w64-mingw32/10.1.0 -LC:/msys64/mingw64/bin/../lib/gcc -LC:/msys64/mingw64/bin/../lib/gcc/x86_64-w64-mingw32/10.1.0/../../../../x86_64-w64-mingw32/lib/../lib -LC:/msys64/mingw64/bin/../lib/gcc/x86_64-w64-mingw32/10.1.0/../../../../lib -LC:/msys64/mingw64/bin/../lib/gcc/x86_64-w64-mingw32/10.1.0/../../../../x86_64-w64-mingw32/lib -LC:/msys64/mingw64/bin/../lib/gcc/x86_64-w64-mingw32/10.1.0/../../.. C:\Users\mauri\AppData\Local\Temp\ccXd7c0V.o -lstdc++ -lmingw32 -lgcc_s -lgcc -lmoldname -lmingwex -lmsvcrt -lpthread -ladvapi32 -lshell32 -luser32 -lkernel32 -lmingw32 -lgcc_s -lgcc -lmoldname -lmingwex -lmsvcrt C:/msys64/mingw64/bin/../lib/gcc/x86_64-w64-mingw32/10.1.0/../../../../x86_64-w64-mingw32/lib/../lib/default-manifest.o C:/msys64/mingw64/bin/../lib/gcc/x86_64-w64-mingw32/10.1.0/crtend.o>
Thu May 12 19:28:28 2022: working directory: <C:\Users\mauri\source\repos\Software\design---observer-maidenlessn-t\>
Thu May 12 19:28:28 2022: isWow64: 0
Thu May 12 19:28:28 2022: skipping process C:\msys64\mingw64\bin\..\lib\gcc\x86_64-w64-mingw32\10.1.0\collect2.exe with pid: 16776
Thu May 12 19:28:28 2022: process created with pid: 19784
Thu May 12 19:28:28 2022: image path name: <C:\msys64\mingw64\bin\..\lib\gcc\x86_64-w64-mingw32\10.1.0\..\..\..\..\x86_64-w64-mingw32\bin\ld.exe>
Thu May 12 19:28:28 2022: command line: <C:/msys64/mingw64/bin/../lib/gcc/x86_64-w64-mingw32/10.1.0/../../../../x86_64-w64-mingw32/bin/ld.exe -plugin C:/msys64/mingw64/bin/../lib/gcc/x86_64-w64-mingw32/10.1.0/liblto_plugin-0.dll -plugin-opt=C:/msys64/mingw64/bin/../lib/gcc/x86_64-w64-mingw32/10.1.0/lto-wrapper.exe -plugin-opt=-fresolution=C:\Users\mauri\AppData\Local\Temp\ccx217rc.res -plugin-opt=-pass-through=-lmingw32 -plugin-opt=-pass-through=-lgcc_s -plugin-opt=-pass-through=-lgcc -plugin-opt=-pass-through=-lmoldname -plugin-opt=-pass-through=-lmingwex -plugin-opt=-pass-through=-lmsvcrt -plugin-opt=-pass-through=-lpthread -plugin-opt=-pass-through=-ladvapi32 -plugin-opt=-pass-through=-lshell32 -plugin-opt=-pass-through=-luser32 -plugin-opt=-pass-through=-lkernel32 -plugin-opt=-pass-through=-lmingw32 -plugin-opt=-pass-through=-lgcc_s -plugin-opt=-pass-through=-lgcc -plugin-opt=-pass-through=-lmoldname -plugin-opt=-pass-through=-lmingwex -plugin-opt=-pass-through=-lmsvcrt -m i386pep -Bdynamic C:/msys64/mingw64/bin/../lib/gcc/x86_64-w64-mingw32/10.1.0/../../../../x86_64-w64-mingw32/lib/../lib/crt2.o C:/msys64/mingw64/bin/../lib/gcc/x86_64-w64-mingw32/10.1.0/crtbegin.o -LC:/msys64/mingw64/bin/../lib/gcc/x86_64-w64-mingw32/10.1.0 -LC:/msys64/mingw64/bin/../lib/gcc -LC:/msys64/mingw64/bin/../lib/gcc/x86_64-w64-mingw32/10.1.0/../../../../x86_64-w64-mingw32/lib/../lib -LC:/msys64/mingw64/bin/../lib/gcc/x86_64-w64-mingw32/10.1.0/../../../../lib -LC:/msys64/mingw64/bin/../lib/gcc/x86_64-w64-mingw32/10.1.0/../../../../x86_64-w64-mingw32/lib -LC:/msys64/mingw64/bin/../lib/gcc/x86_64-w64-mingw32/10.1.0/../../.. C:\Users\mauri\AppData\Local\Temp\ccXd7c0V.o -lstdc++ -lmingw32 -lgcc_s -lgcc -lmoldname -lmingwex -lmsvcrt -lpthread -ladvapi32 -lshell32 -luser32 -lkernel32 -lmingw32 -lgcc_s -lgcc -lmoldname -lmingwex -lmsvcrt C:/msys64/mingw64/bin/../lib/gcc/x86_64-w64-mingw32/10.1.0/../../../../x86_64-w64-mingw32/lib/../lib/default-manifest.o C:/msys64/mingw64/bin/../lib/gcc/x86_64-w64-mingw32/10.1.0/crtend.o>
Thu May 12 19:28:28 2022: working directory: <C:\Users\mauri\source\repos\Software\design---observer-maidenlessn-t\>
Thu May 12 19:28:28 2022: isWow64: 0
Thu May 12 19:28:28 2022: skipping process C:\msys64\mingw64\bin\..\lib\gcc\x86_64-w64-mingw32\10.1.0\..\..\..\..\x86_64-w64-mingw32\bin\ld.exe with pid: 19784
Thu May 12 19:28:28 2022: process with pid 19784 exit with code: 0 (0x0)
Thu May 12 19:28:28 2022: process with pid 16776 exit with code: 0 (0x0)
Thu May 12 19:28:28 2022: process with pid 17724 exit with code: 0 (0x0)
Thu May 12 19:28:28 2022: finalizing json file
